2024/01/08 06:26:42 [emerg] 1#1: host not found in upstream "app_python38:8080" in /etc/nginx/conf.d/default.conf:5
2024/01/08 06:26:43 [emerg] 1#1: host not found in upstream "app_python38:8080" in /etc/nginx/conf.d/default.conf:5
2024/01/08 06:26:44 [emerg] 1#1: host not found in upstream "app_python38:8080" in /etc/nginx/conf.d/default.conf:5
2024/01/08 06:26:44 [emerg] 1#1: host not found in upstream "app_python38:8080" in /etc/nginx/conf.d/default.conf:5
2024/01/08 06:26:46 [emerg] 1#1: host not found in upstream "app_python38:8080" in /etc/nginx/conf.d/default.conf:5
2024/01/08 06:26:48 [emerg] 1#1: host not found in upstream "app_python38:8080" in /etc/nginx/conf.d/default.conf:5
2024/01/08 06:26:52 [emerg] 1#1: host not found in upstream "app_python38:8080" in /etc/nginx/conf.d/default.conf:5
2024/01/08 06:26:59 [emerg] 1#1: host not found in upstream "app_python38:8080" in /etc/nginx/conf.d/default.conf:5
2024/01/08 06:27:12 [emerg] 1#1: host not found in upstream "app_python38:8080" in /etc/nginx/conf.d/default.conf:5
2024/01/08 06:27:38 [emerg] 1#1: host not found in upstream "app_python38:8080" in /etc/nginx/conf.d/default.conf:5
2024/01/08 06:29:16 [emerg] 1#1: host not found in upstream "app_python311:8080" in /etc/nginx/conf.d/default.conf:5
2024/01/08 06:29:16 [emerg] 1#1: host not found in upstream "app_python311:8080" in /etc/nginx/conf.d/default.conf:5
2024/01/08 06:29:17 [emerg] 1#1: host not found in upstream "app_python311:8080" in /etc/nginx/conf.d/default.conf:5
2024/01/08 06:29:18 [emerg] 1#1: host not found in upstream "app_python311:8080" in /etc/nginx/conf.d/default.conf:5
2024/01/08 06:29:19 [emerg] 1#1: host not found in upstream "app_python311:8080" in /etc/nginx/conf.d/default.conf:5
2024/01/08 06:29:21 [emerg] 1#1: host not found in upstream "app_python311:8080" in /etc/nginx/conf.d/default.conf:5
2024/01/08 06:29:24 [emerg] 1#1: host not found in upstream "app_python311:8080" in /etc/nginx/conf.d/default.conf:5
2024/01/08 06:29:31 [emerg] 1#1: host not found in upstream "app_python311:8080" in /etc/nginx/conf.d/default.conf:5
2024/01/08 06:29:44 [emerg] 1#1: host not found in upstream "app_python311:8080" in /etc/nginx/conf.d/default.conf:5
2024/01/08 06:30:10 [emerg] 1#1: host not found in upstream "app_python311:8080" in /etc/nginx/conf.d/default.conf:5
2024/01/08 06:31:02 [emerg] 1#1: host not found in upstream "app_python311:8080" in /etc/nginx/conf.d/default.conf:5
2024/01/08 06:32:02 [emerg] 1#1: host not found in upstream "app_python311:8080" in /etc/nginx/conf.d/default.conf:5
2024/01/08 06:33:02 [emerg] 1#1: host not found in upstream "app_python311:8080" in /etc/nginx/conf.d/default.conf:5
2024/01/08 06:34:03 [emerg] 1#1: host not found in upstream "app_python311:8080" in /etc/nginx/conf.d/default.conf:5
2024/01/08 06:35:03 [emerg] 1#1: host not found in upstream "app_python311:8080" in /etc/nginx/conf.d/default.conf:5
2024/01/08 06:36:04 [emerg] 1#1: host not found in upstream "app_python311:8080" in /etc/nginx/conf.d/default.conf:5
2024/01/08 06:37:04 [emerg] 1#1: host not found in upstream "portfolio-python311:8080" in /etc/nginx/conf.d/default.conf:5
2024/01/08 06:38:05 [emerg] 1#1: host not found in upstream "portfolio-python311:8080" in /etc/nginx/conf.d/default.conf:5
2024/01/08 06:39:05 [emerg] 1#1: host not found in upstream "portfolio-python311:8080" in /etc/nginx/conf.d/default.conf:5
2024/01/08 06:40:05 [emerg] 1#1: host not found in upstream "portfolio-python311:8080" in /etc/nginx/conf.d/default.conf:5
2024/01/08 06:41:06 [emerg] 1#1: host not found in upstream "portfolio-python311:8080" in /etc/nginx/conf.d/default.conf:5
2024/01/08 06:42:06 [emerg] 1#1: host not found in upstream "portfolio-python311:8080" in /etc/nginx/conf.d/default.conf:5
2024/01/08 06:43:07 [emerg] 1#1: host not found in upstream "portfolio-python311:8080" in /etc/nginx/conf.d/default.conf:5
2024/01/08 06:44:07 [emerg] 1#1: host not found in upstream "portfolio-python311:8080" in /etc/nginx/conf.d/default.conf:5
2024/01/08 06:45:07 [emerg] 1#1: host not found in upstream "portfolio-python311:8080" in /etc/nginx/conf.d/default.conf:5
2024/01/08 06:46:08 [emerg] 1#1: host not found in upstream "portfolio-python311:8080" in /etc/nginx/conf.d/default.conf:5
2024/01/08 06:47:08 [emerg] 1#1: host not found in upstream "portfolio-python311:8080" in /etc/nginx/conf.d/default.conf:5
2024/01/08 06:48:08 [emerg] 1#1: host not found in upstream "portfolio-python311:8080" in /etc/nginx/conf.d/default.conf:5
2024/01/08 06:49:09 [emerg] 1#1: host not found in upstream "portfolio-python311:8080" in /etc/nginx/conf.d/default.conf:5
2024/01/08 06:50:09 [emerg] 1#1: host not found in upstream "portfolio-python311:8080" in /etc/nginx/conf.d/default.conf:5
2024/01/08 06:51:10 [emerg] 1#1: host not found in upstream "portfolio-python311:8080" in /etc/nginx/conf.d/default.conf:5
2024/01/08 06:52:10 [emerg] 1#1: host not found in upstream "portfolio-python311:8080" in /etc/nginx/conf.d/default.conf:5
2024/01/08 06:53:11 [emerg] 1#1: host not found in upstream "portfolio-python311:8080" in /etc/nginx/conf.d/default.conf:5
2024/01/08 06:54:11 [emerg] 1#1: host not found in upstream "portfolio-python311:8080" in /etc/nginx/conf.d/default.conf:5
2024/01/08 06:55:11 [emerg] 1#1: host not found in upstream "portfolio-python311:8080" in /etc/nginx/conf.d/default.conf:5
2024/01/08 06:56:12 [emerg] 1#1: host not found in upstream "portfolio-python311:8080" in /etc/nginx/conf.d/default.conf:5
2024/01/08 06:57:12 [emerg] 1#1: host not found in upstream "portfolio-python311:8080" in /etc/nginx/conf.d/default.conf:5
2024/01/08 06:58:13 [emerg] 1#1: host not found in upstream "portfolio-python311:8080" in /etc/nginx/conf.d/default.conf:5
2024/01/08 06:59:13 [emerg] 1#1: host not found in upstream "portfolio-python311:8080" in /etc/nginx/conf.d/default.conf:5
2024/01/08 07:00:13 [emerg] 1#1: host not found in upstream "portfolio-python311:8080" in /etc/nginx/conf.d/default.conf:5
2024/01/08 07:01:14 [emerg] 1#1: host not found in upstream "portfolio-python311:8080" in /etc/nginx/conf.d/default.conf:5
2024/01/08 07:02:14 [emerg] 1#1: host not found in upstream "portfolio-python311:8080" in /etc/nginx/conf.d/default.conf:5
2024/01/08 07:03:15 [emerg] 1#1: host not found in upstream "portfolio-python311:8080" in /etc/nginx/conf.d/default.conf:5
2024/01/08 07:04:15 [emerg] 1#1: host not found in upstream "portfolio-python311:8080" in /etc/nginx/conf.d/default.conf:5
2024/01/08 07:05:15 [emerg] 1#1: host not found in upstream "portfolio-python311:8080" in /etc/nginx/conf.d/default.conf:5
2024/01/08 07:06:16 [emerg] 1#1: host not found in upstream "portfolio-python311:8080" in /etc/nginx/conf.d/default.conf:5
2024/01/08 07:07:16 [emerg] 1#1: host not found in upstream "portfolio-python311:8080" in /etc/nginx/conf.d/default.conf:5
2024/01/08 07:08:16 [emerg] 1#1: host not found in upstream "portfolio-python311:8080" in /etc/nginx/conf.d/default.conf:5
2024/01/08 07:09:17 [emerg] 1#1: host not found in upstream "portfolio-python311:8080" in /etc/nginx/conf.d/default.conf:5
2024/01/08 07:10:17 [emerg] 1#1: host not found in upstream "portfolio-python311:8080" in /etc/nginx/conf.d/default.conf:5
2024/01/08 07:11:18 [emerg] 1#1: host not found in upstream "portfolio-python311:8080" in /etc/nginx/conf.d/default.conf:5
2024/01/08 07:12:18 [emerg] 1#1: host not found in upstream "portfolio-python311:8080" in /etc/nginx/conf.d/default.conf:5
2024/01/08 07:13:18 [emerg] 1#1: host not found in upstream "portfolio-python311:8080" in /etc/nginx/conf.d/default.conf:5
2024/01/08 07:14:19 [emerg] 1#1: host not found in upstream "portfolio-python311:8080" in /etc/nginx/conf.d/default.conf:5
2024/01/08 07:15:19 [emerg] 1#1: host not found in upstream "portfolio-python311:8080" in /etc/nginx/conf.d/default.conf:5
2024/01/08 07:16:19 [emerg] 1#1: host not found in upstream "portfolio-python311:8080" in /etc/nginx/conf.d/default.conf:5
2024/01/08 07:17:20 [emerg] 1#1: host not found in upstream "portfolio-python311:8080" in /etc/nginx/conf.d/default.conf:5
2024/01/08 07:18:20 [emerg] 1#1: host not found in upstream "portfolio-python311:8080" in /etc/nginx/conf.d/default.conf:5
2024/01/08 07:19:20 [emerg] 1#1: host not found in upstream "portfolio-python311:8080" in /etc/nginx/conf.d/default.conf:5
2024/01/08 07:20:21 [emerg] 1#1: host not found in upstream "portfolio-python311:8080" in /etc/nginx/conf.d/default.conf:5
2024/01/08 07:21:21 [emerg] 1#1: host not found in upstream "portfolio-python311:8080" in /etc/nginx/conf.d/default.conf:5
2024/01/08 07:22:22 [emerg] 1#1: host not found in upstream "portfolio-python311:8080" in /etc/nginx/conf.d/default.conf:5
2024/01/08 07:23:22 [emerg] 1#1: host not found in upstream "portfolio-python311:8080" in /etc/nginx/conf.d/default.conf:5
2024/01/08 07:24:22 [emerg] 1#1: host not found in upstream "portfolio-python311:8080" in /etc/nginx/conf.d/default.conf:5
2024/01/08 07:25:23 [emerg] 1#1: host not found in upstream "portfolio-python311:8080" in /etc/nginx/conf.d/default.conf:5
2024/01/08 07:26:23 [emerg] 1#1: host not found in upstream "portfolio-python311:8080" in /etc/nginx/conf.d/default.conf:5
2024/01/08 07:27:23 [emerg] 1#1: host not found in upstream "portfolio-python311:8080" in /etc/nginx/conf.d/default.conf:5
2024/01/08 07:28:24 [emerg] 1#1: host not found in upstream "portfolio-python311:8080" in /etc/nginx/conf.d/default.conf:5
2024/01/08 07:29:24 [emerg] 1#1: host not found in upstream "portfolio-python311:8080" in /etc/nginx/conf.d/default.conf:5
2024/01/08 07:30:25 [emerg] 1#1: host not found in upstream "portfolio-python311:8080" in /etc/nginx/conf.d/default.conf:5
2024/01/08 07:31:25 [emerg] 1#1: host not found in upstream "portfolio-python311:8080" in /etc/nginx/conf.d/default.conf:5
2024/01/08 07:32:25 [emerg] 1#1: host not found in upstream "portfolio-python311:8080" in /etc/nginx/conf.d/default.conf:5
2024/01/08 07:33:26 [emerg] 1#1: host not found in upstream "portfolio-python311:8080" in /etc/nginx/conf.d/default.conf:5
2024/01/08 07:34:26 [emerg] 1#1: host not found in upstream "portfolio-python311:8080" in /etc/nginx/conf.d/default.conf:5
2024/01/08 07:35:27 [emerg] 1#1: host not found in upstream "portfolio-python311:8080" in /etc/nginx/conf.d/default.conf:5
2024/01/08 07:36:27 [emerg] 1#1: host not found in upstream "portfolio-python311:8080" in /etc/nginx/conf.d/default.conf:5
2024/01/08 07:37:31 [emerg] 1#1: host not found in upstream "portfolio-python311:8080" in /etc/nginx/conf.d/default.conf:5
2024/01/08 07:38:31 [emerg] 1#1: host not found in upstream "portfolio-python311:8080" in /etc/nginx/conf.d/default.conf:5
2024/01/08 07:39:31 [emerg] 1#1: host not found in upstream "portfolio-python311:8080" in /etc/nginx/conf.d/default.conf:5
2024/01/08 07:40:32 [emerg] 1#1: host not found in upstream "portfolio-python311:8080" in /etc/nginx/conf.d/default.conf:5
2024/01/08 07:41:32 [emerg] 1#1: host not found in upstream "portfolio-python311:8080" in /etc/nginx/conf.d/default.conf:5
2024/01/08 07:42:33 [emerg] 1#1: host not found in upstream "portfolio-python311:8080" in /etc/nginx/conf.d/default.conf:5
2024/01/08 07:43:33 [emerg] 1#1: host not found in upstream "portfolio-python311:8080" in /etc/nginx/conf.d/default.conf:5
2024/01/08 07:44:33 [emerg] 1#1: host not found in upstream "portfolio-python311:8080" in /etc/nginx/conf.d/default.conf:5
2024/01/08 07:45:33 [emerg] 1#1: host not found in upstream "portfolio-python311:8080" in /etc/nginx/conf.d/default.conf:5
2024/01/08 07:45:34 [emerg] 1#1: host not found in upstream "portfolio-python311:8080" in /etc/nginx/conf.d/default.conf:5
2024/01/08 07:45:34 [emerg] 1#1: host not found in upstream "portfolio-python311:8080" in /etc/nginx/conf.d/default.conf:5
2024/01/08 07:45:35 [emerg] 1#1: host not found in upstream "portfolio-python311:8080" in /etc/nginx/conf.d/default.conf:5
2024/01/08 07:45:36 [emerg] 1#1: host not found in upstream "portfolio-python311:8080" in /etc/nginx/conf.d/default.conf:5
2024/01/08 07:45:38 [emerg] 1#1: host not found in upstream "portfolio-python311:8080" in /etc/nginx/conf.d/default.conf:5
2024/01/08 07:45:42 [emerg] 1#1: host not found in upstream "portfolio-python311:8080" in /etc/nginx/conf.d/default.conf:5
2024/01/08 07:45:48 [emerg] 1#1: host not found in upstream "portfolio-python311:8080" in /etc/nginx/conf.d/default.conf:5
2024/01/08 07:46:01 [emerg] 1#1: host not found in upstream "portfolio-python311:8080" in /etc/nginx/conf.d/default.conf:5
2024/01/08 07:46:27 [emerg] 1#1: host not found in upstream "portfolio-python311:8080" in /etc/nginx/conf.d/default.conf:5
2024/01/08 07:47:19 [emerg] 1#1: host not found in upstream "portfolio-python311:8080" in /etc/nginx/conf.d/default.conf:5
2024/01/08 07:48:19 [emerg] 1#1: host not found in upstream "portfolio-python311:8080" in /etc/nginx/conf.d/default.conf:5
2024/01/08 07:49:20 [emerg] 1#1: host not found in upstream "portfolio-python311:8080" in /etc/nginx/conf.d/default.conf:5
2024/01/08 07:50:20 [emerg] 1#1: host not found in upstream "portfolio-python311:8080" in /etc/nginx/conf.d/default.conf:5
2024/01/08 07:51:21 [emerg] 1#1: host not found in upstream "portfolio-python311:8080" in /etc/nginx/conf.d/default.conf:5
2024/01/08 07:52:21 [emerg] 1#1: host not found in upstream "portfolio-python311:8080" in /etc/nginx/conf.d/default.conf:5
2024/01/08 07:53:22 [emerg] 1#1: host not found in upstream "portfolio-python311:8080" in /etc/nginx/conf.d/default.conf:5
2024/01/08 07:54:22 [emerg] 1#1: host not found in upstream "portfolio-python311:8080" in /etc/nginx/conf.d/default.conf:5
2024/01/08 07:55:22 [emerg] 1#1: host not found in upstream "portfolio-python311:8080" in /etc/nginx/conf.d/default.conf:5
2024/01/08 07:56:23 [emerg] 1#1: host not found in upstream "portfolio-python311:8080" in /etc/nginx/conf.d/default.conf:5
2024/01/08 07:57:23 [emerg] 1#1: host not found in upstream "portfolio-python311:8080" in /etc/nginx/conf.d/default.conf:5
2024/01/08 07:58:24 [emerg] 1#1: host not found in upstream "portfolio-python311:8080" in /etc/nginx/conf.d/default.conf:5
2024/01/08 07:59:24 [emerg] 1#1: host not found in upstream "portfolio-python311:8080" in /etc/nginx/conf.d/default.conf:5
2024/01/08 08:03:29 [emerg] 1#1: host not found in upstream "portfolio-python311:8080" in /etc/nginx/conf.d/default.conf:5
2024/01/08 08:03:29 [emerg] 1#1: host not found in upstream "portfolio-python311:8080" in /etc/nginx/conf.d/default.conf:5
2024/01/08 08:03:30 [emerg] 1#1: host not found in upstream "portfolio-python311:8080" in /etc/nginx/conf.d/default.conf:5
2024/01/08 08:03:31 [emerg] 1#1: host not found in upstream "portfolio-python311:8080" in /etc/nginx/conf.d/default.conf:5
2024/01/08 08:03:32 [emerg] 1#1: host not found in upstream "portfolio-python311:8080" in /etc/nginx/conf.d/default.conf:5
2024/01/08 08:03:34 [emerg] 1#1: host not found in upstream "portfolio-python311:8080" in /etc/nginx/conf.d/default.conf:5
2024/01/08 08:03:37 [emerg] 1#1: host not found in upstream "portfolio-python311:8080" in /etc/nginx/conf.d/default.conf:5
2024/01/08 08:03:44 [emerg] 1#1: host not found in upstream "portfolio-python311:8080" in /etc/nginx/conf.d/default.conf:5
2024/01/08 08:03:57 [emerg] 1#1: host not found in upstream "portfolio-python311:8080" in /etc/nginx/conf.d/default.conf:5
2024/01/08 08:04:23 [emerg] 1#1: host not found in upstream "portfolio-python311:8080" in /etc/nginx/conf.d/default.conf:5
2024/01/08 08:05:16 [emerg] 1#1: host not found in upstream "portfolio-python311:8080" in /etc/nginx/conf.d/default.conf:5
2024/01/08 08:06:16 [emerg] 1#1: host not found in upstream "portfolio-python311:8080" in /etc/nginx/conf.d/default.conf:5
2024/01/08 08:07:16 [notice] 1#1: using the "epoll" event method
2024/01/08 08:07:16 [notice] 1#1: nginx/1.21.6
2024/01/08 08:07:16 [notice] 1#1: built by gcc 10.3.1 20211027 (Alpine 10.3.1_git20211027) 
2024/01/08 08:07:16 [notice] 1#1: OS: Linux 5.15.49-linuxkit-pr
2024/01/08 08:07:16 [notice] 1#1: getrlimit(RLIMIT_NOFILE): 1048576:1048576
2024/01/08 08:07:16 [notice] 1#1: start worker processes
2024/01/08 08:07:16 [notice] 1#1: start worker process 31
2024/01/08 08:07:16 [notice] 1#1: start worker process 32
2024/01/08 08:07:16 [notice] 1#1: start worker process 33
2024/01/08 08:07:16 [notice] 1#1: start worker process 34
2024/01/08 08:07:24 [notice] 1#1: signal 3 (SIGQUIT) received, shutting down
2024/01/08 08:07:24 [notice] 32#32: gracefully shutting down
2024/01/08 08:07:24 [notice] 31#31: gracefully shutting down
2024/01/08 08:07:24 [notice] 33#33: gracefully shutting down
2024/01/08 08:07:24 [notice] 34#34: gracefully shutting down
2024/01/08 08:07:24 [notice] 32#32: exiting
2024/01/08 08:07:24 [notice] 31#31: exiting
2024/01/08 08:07:24 [notice] 33#33: exiting
2024/01/08 08:07:24 [notice] 32#32: exit
2024/01/08 08:07:24 [notice] 34#34: exiting
2024/01/08 08:07:24 [notice] 34#34: exit
2024/01/08 08:07:24 [notice] 33#33: exit
2024/01/08 08:07:24 [notice] 31#31: exit
2024/01/08 08:07:24 [notice] 1#1: signal 17 (SIGCHLD) received from 32
2024/01/08 08:07:24 [notice] 1#1: worker process 32 exited with code 0
2024/01/08 08:07:24 [notice] 1#1: signal 29 (SIGIO) received
2024/01/08 08:07:24 [notice] 1#1: signal 17 (SIGCHLD) received from 31
2024/01/08 08:07:24 [notice] 1#1: worker process 31 exited with code 0
2024/01/08 08:07:24 [notice] 1#1: worker process 33 exited with code 0
2024/01/08 08:07:24 [notice] 1#1: signal 29 (SIGIO) received
2024/01/08 08:07:24 [notice] 1#1: signal 17 (SIGCHLD) received from 34
2024/01/08 08:07:24 [notice] 1#1: worker process 34 exited with code 0
2024/01/08 08:07:24 [notice] 1#1: exit
2024/01/08 08:07:31 [notice] 1#1: using the "epoll" event method
2024/01/08 08:07:31 [notice] 1#1: nginx/1.21.6
2024/01/08 08:07:31 [notice] 1#1: built by gcc 10.3.1 20211027 (Alpine 10.3.1_git20211027) 
2024/01/08 08:07:31 [notice] 1#1: OS: Linux 5.15.49-linuxkit-pr
2024/01/08 08:07:31 [notice] 1#1: getrlimit(RLIMIT_NOFILE): 1048576:1048576
2024/01/08 08:07:31 [notice] 1#1: start worker processes
2024/01/08 08:07:31 [notice] 1#1: start worker process 31
2024/01/08 08:07:31 [notice] 1#1: start worker process 32
2024/01/08 08:07:31 [notice] 1#1: start worker process 33
2024/01/08 08:07:31 [notice] 1#1: start worker process 34
2024/01/08 08:07:54 [notice] 1#1: signal 3 (SIGQUIT) received, shutting down
2024/01/08 08:07:54 [notice] 31#31: gracefully shutting down
2024/01/08 08:07:54 [notice] 32#32: gracefully shutting down
2024/01/08 08:07:54 [notice] 31#31: exiting
2024/01/08 08:07:54 [notice] 32#32: exiting
2024/01/08 08:07:54 [notice] 32#32: exit
2024/01/08 08:07:54 [notice] 33#33: gracefully shutting down
2024/01/08 08:07:54 [notice] 31#31: exit
2024/01/08 08:07:54 [notice] 34#34: gracefully shutting down
2024/01/08 08:07:54 [notice] 33#33: exiting
2024/01/08 08:07:54 [notice] 34#34: exiting
2024/01/08 08:07:54 [notice] 33#33: exit
2024/01/08 08:07:54 [notice] 34#34: exit
2024/01/08 08:07:54 [notice] 1#1: signal 17 (SIGCHLD) received from 34
2024/01/08 08:07:54 [notice] 1#1: worker process 31 exited with code 0
2024/01/08 08:07:54 [notice] 1#1: worker process 32 exited with code 0
2024/01/08 08:07:54 [notice] 1#1: worker process 33 exited with code 0
2024/01/08 08:07:54 [notice] 1#1: worker process 34 exited with code 0
2024/01/08 08:07:54 [notice] 1#1: exit
2024/01/08 08:08:05 [notice] 1#1: using the "epoll" event method
2024/01/08 08:08:05 [notice] 1#1: nginx/1.21.6
2024/01/08 08:08:05 [notice] 1#1: built by gcc 10.3.1 20211027 (Alpine 10.3.1_git20211027) 
2024/01/08 08:08:05 [notice] 1#1: OS: Linux 5.15.49-linuxkit-pr
2024/01/08 08:08:05 [notice] 1#1: getrlimit(RLIMIT_NOFILE): 1048576:1048576
2024/01/08 08:08:05 [notice] 1#1: start worker processes
2024/01/08 08:08:05 [notice] 1#1: start worker process 30
2024/01/08 08:08:05 [notice] 1#1: start worker process 31
2024/01/08 08:08:05 [notice] 1#1: start worker process 32
2024/01/08 08:08:05 [notice] 1#1: start worker process 33
2024/01/08 08:42:22 [notice] 1#1: signal 3 (SIGQUIT) received, shutting down
2024/01/08 08:42:22 [notice] 30#30: gracefully shutting down
2024/01/08 08:42:22 [notice] 33#33: gracefully shutting down
2024/01/08 08:42:22 [notice] 32#32: gracefully shutting down
2024/01/08 08:42:22 [notice] 31#31: gracefully shutting down
2024/01/08 08:42:22 [notice] 30#30: exiting
2024/01/08 08:42:22 [notice] 33#33: exiting
2024/01/08 08:42:22 [notice] 31#31: exiting
2024/01/08 08:42:22 [notice] 32#32: exiting
2024/01/08 08:42:22 [notice] 32#32: exit
2024/01/08 08:42:22 [notice] 33#33: exit
2024/01/08 08:42:22 [notice] 30#30: exit
2024/01/08 08:42:22 [notice] 31#31: exit
2024/01/08 08:42:22 [notice] 1#1: signal 17 (SIGCHLD) received from 32
2024/01/08 08:42:22 [notice] 1#1: worker process 30 exited with code 0
2024/01/08 08:42:22 [notice] 1#1: worker process 32 exited with code 0
2024/01/08 08:42:22 [notice] 1#1: signal 29 (SIGIO) received
2024/01/08 08:42:22 [notice] 1#1: signal 17 (SIGCHLD) received from 33
2024/01/08 08:42:22 [notice] 1#1: worker process 33 exited with code 0
2024/01/08 08:42:22 [notice] 1#1: signal 29 (SIGIO) received
2024/01/08 08:42:22 [notice] 1#1: signal 17 (SIGCHLD) received from 31
2024/01/08 08:42:22 [notice] 1#1: worker process 31 exited with code 0
2024/01/08 08:42:22 [notice] 1#1: exit
2024/01/08 08:44:04 [notice] 1#1: using the "epoll" event method
2024/01/08 08:44:04 [notice] 1#1: nginx/1.21.6
2024/01/08 08:44:04 [notice] 1#1: built by gcc 10.3.1 20211027 (Alpine 10.3.1_git20211027) 
2024/01/08 08:44:04 [notice] 1#1: OS: Linux 5.15.49-linuxkit-pr
2024/01/08 08:44:04 [notice] 1#1: getrlimit(RLIMIT_NOFILE): 1048576:1048576
2024/01/08 08:44:04 [notice] 1#1: start worker processes
2024/01/08 08:44:04 [notice] 1#1: start worker process 31
2024/01/08 08:44:04 [notice] 1#1: start worker process 32
2024/01/08 08:44:04 [notice] 1#1: start worker process 33
2024/01/08 08:44:04 [notice] 1#1: start worker process 34
2024/01/08 09:14:05 [notice] 1#1: signal 3 (SIGQUIT) received, shutting down
2024/01/08 09:14:05 [notice] 34#34: gracefully shutting down
2024/01/08 09:14:05 [notice] 31#31: gracefully shutting down
2024/01/08 09:14:05 [notice] 32#32: gracefully shutting down
2024/01/08 09:14:05 [notice] 33#33: gracefully shutting down
2024/01/08 09:14:05 [notice] 34#34: exiting
2024/01/08 09:14:05 [notice] 33#33: exiting
2024/01/08 09:14:05 [notice] 32#32: exiting
2024/01/08 09:14:05 [notice] 33#33: exit
2024/01/08 09:14:05 [notice] 34#34: exit
2024/01/08 09:14:05 [notice] 31#31: exiting
2024/01/08 09:14:05 [notice] 32#32: exit
2024/01/08 09:14:05 [notice] 31#31: exit
2024/01/08 09:14:05 [notice] 1#1: signal 17 (SIGCHLD) received from 33
2024/01/08 09:14:05 [notice] 1#1: worker process 33 exited with code 0
2024/01/08 09:14:05 [notice] 1#1: signal 29 (SIGIO) received
2024/01/08 09:14:05 [notice] 1#1: signal 17 (SIGCHLD) received from 34
2024/01/08 09:14:05 [notice] 1#1: worker process 31 exited with code 0
2024/01/08 09:14:05 [notice] 1#1: worker process 32 exited with code 0
2024/01/08 09:14:05 [notice] 1#1: worker process 34 exited with code 0
2024/01/08 09:14:05 [notice] 1#1: exit
2024/01/08 09:14:53 [notice] 1#1: using the "epoll" event method
2024/01/08 09:14:53 [notice] 1#1: nginx/1.21.6
2024/01/08 09:14:53 [notice] 1#1: built by gcc 10.3.1 20211027 (Alpine 10.3.1_git20211027) 
2024/01/08 09:14:53 [notice] 1#1: OS: Linux 5.15.49-linuxkit-pr
2024/01/08 09:14:53 [notice] 1#1: getrlimit(RLIMIT_NOFILE): 1048576:1048576
2024/01/08 09:14:53 [notice] 1#1: start worker processes
2024/01/08 09:14:53 [notice] 1#1: start worker process 31
2024/01/08 09:14:53 [notice] 1#1: start worker process 32
2024/01/08 09:14:53 [notice] 1#1: start worker process 33
2024/01/08 09:14:53 [notice] 1#1: start worker process 34
2024/01/08 09:25:08 [notice] 1#1: signal 3 (SIGQUIT) received, shutting down
2024/01/08 09:25:08 [notice] 31#31: gracefully shutting down
2024/01/08 09:25:08 [notice] 32#32: gracefully shutting down
2024/01/08 09:25:08 [notice] 33#33: gracefully shutting down
2024/01/08 09:25:08 [notice] 34#34: gracefully shutting down
2024/01/08 09:25:08 [notice] 31#31: exiting
2024/01/08 09:25:08 [notice] 32#32: exiting
2024/01/08 09:25:08 [notice] 33#33: exiting
2024/01/08 09:25:08 [notice] 34#34: exiting
2024/01/08 09:25:08 [notice] 32#32: exit
2024/01/08 09:25:08 [notice] 31#31: exit
2024/01/08 09:25:08 [notice] 33#33: exit
2024/01/08 09:25:08 [notice] 34#34: exit
2024/01/08 09:25:08 [notice] 1#1: signal 17 (SIGCHLD) received from 31
2024/01/08 09:25:08 [notice] 1#1: worker process 31 exited with code 0
2024/01/08 09:25:08 [notice] 1#1: worker process 32 exited with code 0
2024/01/08 09:25:08 [notice] 1#1: worker process 33 exited with code 0
2024/01/08 09:25:08 [notice] 1#1: worker process 34 exited with code 0
2024/01/08 09:25:08 [notice] 1#1: exit
2024/01/08 09:25:23 [notice] 1#1: using the "epoll" event method
2024/01/08 09:25:23 [notice] 1#1: nginx/1.21.6
2024/01/08 09:25:23 [notice] 1#1: built by gcc 10.3.1 20211027 (Alpine 10.3.1_git20211027) 
2024/01/08 09:25:23 [notice] 1#1: OS: Linux 5.15.49-linuxkit-pr
2024/01/08 09:25:23 [notice] 1#1: getrlimit(RLIMIT_NOFILE): 1048576:1048576
2024/01/08 09:25:23 [notice] 1#1: start worker processes
2024/01/08 09:25:23 [notice] 1#1: start worker process 31
2024/01/08 09:25:23 [notice] 1#1: start worker process 32
2024/01/08 09:25:23 [notice] 1#1: start worker process 33
2024/01/08 09:25:23 [notice] 1#1: start worker process 34
2024/01/08 09:26:08 [notice] 1#1: signal 3 (SIGQUIT) received, shutting down
2024/01/08 09:26:08 [notice] 31#31: gracefully shutting down
2024/01/08 09:26:08 [notice] 33#33: gracefully shutting down
2024/01/08 09:26:08 [notice] 32#32: gracefully shutting down
2024/01/08 09:26:08 [notice] 33#33: exiting
2024/01/08 09:26:08 [notice] 32#32: exiting
2024/01/08 09:26:08 [notice] 31#31: exiting
2024/01/08 09:26:08 [notice] 33#33: exit
2024/01/08 09:26:08 [notice] 32#32: exit
2024/01/08 09:26:08 [notice] 31#31: exit
2024/01/08 09:26:08 [notice] 34#34: gracefully shutting down
2024/01/08 09:26:08 [notice] 34#34: exiting
2024/01/08 09:26:08 [notice] 34#34: exit
2024/01/08 09:26:08 [notice] 1#1: signal 17 (SIGCHLD) received from 32
2024/01/08 09:26:08 [notice] 1#1: worker process 31 exited with code 0
2024/01/08 09:26:08 [notice] 1#1: worker process 32 exited with code 0
2024/01/08 09:26:08 [notice] 1#1: worker process 33 exited with code 0
2024/01/08 09:26:08 [notice] 1#1: signal 29 (SIGIO) received
2024/01/08 09:26:08 [notice] 1#1: signal 17 (SIGCHLD) received from 34
2024/01/08 09:26:08 [notice] 1#1: worker process 34 exited with code 0
2024/01/08 09:26:08 [notice] 1#1: exit
2024/01/08 09:26:24 [notice] 1#1: using the "epoll" event method
2024/01/08 09:26:24 [notice] 1#1: nginx/1.21.6
2024/01/08 09:26:24 [notice] 1#1: built by gcc 10.3.1 20211027 (Alpine 10.3.1_git20211027) 
2024/01/08 09:26:24 [notice] 1#1: OS: Linux 5.15.49-linuxkit-pr
2024/01/08 09:26:24 [notice] 1#1: getrlimit(RLIMIT_NOFILE): 1048576:1048576
2024/01/08 09:26:24 [notice] 1#1: start worker processes
2024/01/08 09:26:24 [notice] 1#1: start worker process 31
2024/01/08 09:26:24 [notice] 1#1: start worker process 32
2024/01/08 09:26:24 [notice] 1#1: start worker process 33
2024/01/08 09:26:24 [notice] 1#1: start worker process 34
